<?xml version="1.0" encoding="UTF-8"?>
<!-- Generated by org.testng.reporters.JUnitXMLReporter -->
<testsuite hostname="trangntt-w7" name="CreateNewCustomer" tests="3" failures="2" timestamp="15 Mar 2016 07:44:58 GMT" time="14.103" errors="0">
  <testcase name="CN01" time="1.256" classname="com.vsii.tsc.guru.testcase.NewCustomer"/>
  <testcase name="CN02" time="0.796" classname="com.vsii.tsc.guru.testcase.NewCustomer">
    <failure type="java.lang.AssertionError" message="expected [true] but found [false]">
      <![CDATA[java.lang.AssertionError: expected [true] but found [false]
	at com.vsii.tsc.guru.testcase.NewCustomer.CN02(NewCustomer.java:46)
... Removed 28 stack frames]]>
    </failure>
  </testcase> <!-- CN02 -->
  <testcase name="CN03" time="3.433" classname="com.vsii.tsc.guru.testcase.NewCustomer">
    <failure type="org.openqa.selenium.UnhandledAlertException" message="Unexpected modal dialog (text: Email Address Already Exist !!): Email Address Already Exist !!
Build info: version: &amp;apos;2.52.0&amp;apos;, revision: &amp;apos;4c2593cfc3689a7fcd7be52549167e5ccc93ad28&amp;apos;, time: &amp;apos;2016-02-11 11:22:43&amp;apos;
System info: host: &amp;apos;trangntt-w7&amp;apos;, ip: &amp;apos;192.168.100.30&amp;apos;, os.name: &amp;apos;Windows 7&amp;apos;, os.arch: &amp;apos;amd64&amp;apos;, os.version: &amp;apos;6.1&amp;apos;, java.version: &amp;apos;1.8.0_25&amp;apos;
Driver info: org.openqa.selenium.firefox.FirefoxDriver
Capabilities [{applicationCacheEnabled=true, rotatable=false, handlesAlerts=true, databaseEnabled=true, version=44.0.2, platform=WINDOWS, nativeEvents=false, acceptSslCerts=true, webStorageEnabled=true, locationContextEnabled=true, browserName=firefox, takesScreenshot=true, javascriptEnabled=true, cssSelectorsEnabled=true}]
Session ID: 657b6d38-a1e8-4a82-a229-6eea261d7c46">
      <![CDATA[org.openqa.selenium.UnhandledAlertException: Unexpected modal dialog (text: Email Address Already Exist !!): Email Address Already Exist !!
Build info: version: '2.52.0', revision: '4c2593cfc3689a7fcd7be52549167e5ccc93ad28', time: '2016-02-11 11:22:43'
System info: host: 'trangntt-w7', ip: '192.168.100.30', os.name: 'Windows 7', os.arch: 'amd64', os.version: '6.1', java.version: '1.8.0_25'
Driver info: org.openqa.selenium.firefox.FirefoxDriver
Capabilities [{applicationCacheEnabled=true, rotatable=false, handlesAlerts=true, databaseEnabled=true, version=44.0.2, platform=WINDOWS, nativeEvents=false, acceptSslCerts=true, webStorageEnabled=true, locationContextEnabled=true, browserName=firefox, takesScreenshot=true, javascriptEnabled=true, cssSelectorsEnabled=true}]
Session ID: 657b6d38-a1e8-4a82-a229-6eea261d7c46
	at org.openqa.selenium.remote.ErrorHandler.createThrowable(ErrorHandler.java:206)
	at org.openqa.selenium.remote.ErrorHandler.createUnhandledAlertException(ErrorHandler.java:187)
	at org.openqa.selenium.remote.ErrorHandler.throwIfResponseFailed(ErrorHandler.java:154)
	at org.openqa.selenium.remote.RemoteWebDriver.execute(RemoteWebDriver.java:678)
	at org.openqa.selenium.remote.RemoteWebDriver.execute(RemoteWebDriver.java:701)
	at org.openqa.selenium.remote.RemoteWebDriver.getPageSource(RemoteWebDriver.java:511)
	at com.vsii.tsc.guru.testcase.NewCustomer.CN03(NewCustomer.java:65)
... Removed 28 stack frames]]>
    </failure>
  </testcase> <!-- CN03 -->
</testsuite> <!-- CreateNewCustomer -->
