<?xml version="1.0" encoding="UTF-8"?>
<!-- Generated by org.testng.reporters.JUnitXMLReporter -->
<testsuite hostname="trangntt-PC" name="NewCustomer" tests="11" failures="2" timestamp="5 Jan 2016 09:27:32 GMT" time="39.213" errors="0">
  <testcase name="CN01" time="1.336" classname="com.vsii.tsc.guru.testcase.NewCustomer"/>
  <testcase name="CN02" time="0.923" classname="com.vsii.tsc.guru.testcase.NewCustomer"/>
  <testcase name="CN02" time="0.749" classname="com.vsii.tsc.guru.testcase.NewCustomer"/>
  <testcase name="CN02" time="0.66" classname="com.vsii.tsc.guru.testcase.NewCustomer"/>
  <testcase name="CN02" time="0.927" classname="com.vsii.tsc.guru.testcase.NewCustomer"/>
  <testcase name="CN02" time="0.669" classname="com.vsii.tsc.guru.testcase.NewCustomer"/>
  <testcase name="CN02" time="0.832" classname="com.vsii.tsc.guru.testcase.NewCustomer">
    <failure type="java.lang.AssertionError" message="expected [true] but found [false]">
      <![CDATA[java.lang.AssertionError: expected [true] but found [false]
	at com.vsii.tsc.guru.testcase.NewCustomer.CN02(NewCustomer.java:61)
... Removed 28 stack frames]]>
    </failure>
  </testcase> <!-- CN02 -->
  <testcase name="CN02" time="0.666" classname="com.vsii.tsc.guru.testcase.NewCustomer"/>
  <testcase name="CN02" time="0.798" classname="com.vsii.tsc.guru.testcase.NewCustomer"/>
  <testcase name="CN02" time="0.689" classname="com.vsii.tsc.guru.testcase.NewCustomer"/>
  <testcase name="CN03" time="3.445" classname="com.vsii.tsc.guru.testcase.NewCustomer">
    <failure type="org.openqa.selenium.UnhandledAlertException" message="Unexpected modal dialog (text: Email Address Already Exist !!): Email Address Already Exist !!
Build info: version: &amp;apos;2.48.2&amp;apos;, revision: &amp;apos;41bccdd10cf2c0560f637404c2d96164b67d9d67&amp;apos;, time: &amp;apos;2015-10-09 13:08:06&amp;apos;
System info: host: &amp;apos;trangntt-PC&amp;apos;, ip: &amp;apos;192.168.100.31&amp;apos;, os.name: &amp;apos;Windows 7&amp;apos;, os.arch: &amp;apos;amd64&amp;apos;, os.version: &amp;apos;6.1&amp;apos;, java.version: &amp;apos;1.8.0_25&amp;apos;
Driver info: org.openqa.selenium.firefox.FirefoxDriver
Capabilities [{applicationCacheEnabled=true, rotatable=false, handlesAlerts=true, databaseEnabled=true, version=43.0.2, platform=WINDOWS, nativeEvents=false, acceptSslCerts=true, webStorageEnabled=true, locationContextEnabled=true, browserName=firefox, takesScreenshot=true, javascriptEnabled=true, cssSelectorsEnabled=true}]
Session ID: 6bc4974b-4a20-4739-b7cc-7a1936710083">
      <![CDATA[org.openqa.selenium.UnhandledAlertException: Unexpected modal dialog (text: Email Address Already Exist !!): Email Address Already Exist !!
Build info: version: '2.48.2', revision: '41bccdd10cf2c0560f637404c2d96164b67d9d67', time: '2015-10-09 13:08:06'
System info: host: 'trangntt-PC', ip: '192.168.100.31', os.name: 'Windows 7', os.arch: 'amd64', os.version: '6.1', java.version: '1.8.0_25'
Driver info: org.openqa.selenium.firefox.FirefoxDriver
Capabilities [{applicationCacheEnabled=true, rotatable=false, handlesAlerts=true, databaseEnabled=true, version=43.0.2, platform=WINDOWS, nativeEvents=false, acceptSslCerts=true, webStorageEnabled=true, locationContextEnabled=true, browserName=firefox, takesScreenshot=true, javascriptEnabled=true, cssSelectorsEnabled=true}]
Session ID: 6bc4974b-4a20-4739-b7cc-7a1936710083
	at org.openqa.selenium.remote.ErrorHandler.createThrowable(ErrorHandler.java:206)
	at org.openqa.selenium.remote.ErrorHandler.createUnhandledAlertException(ErrorHandler.java:187)
	at org.openqa.selenium.remote.ErrorHandler.throwIfResponseFailed(ErrorHandler.java:154)
	at org.openqa.selenium.remote.RemoteWebDriver.execute(RemoteWebDriver.java:647)
	at org.openqa.selenium.remote.RemoteWebDriver.execute(RemoteWebDriver.java:670)
	at org.openqa.selenium.remote.RemoteWebDriver.getPageSource(RemoteWebDriver.java:501)
	at com.vsii.tsc.guru.testcase.NewCustomer.CN03(NewCustomer.java:80)
... Removed 28 stack frames]]>
    </failure>
  </testcase> <!-- CN03 -->
</testsuite> <!-- NewCustomer -->
