<?xml version="1.0" encoding="UTF-8"?>
<!-- Generated by org.testng.reporters.JUnitXMLReporter -->
<testsuite hostname="trangntt-PC" name="Test" tests="5" failures="4" timestamp="17 Dec 2015 09:02:12 GMT" time="1.851" errors="0">
  <testcase name="TC01" time="0.132" classname="com.vsii.tsc.guru.testcase.Login"/>
  <testcase name="TC_02" time="0.002" classname="com.vsii.tsc.guru.testcase.Login">
    <failure type="java.lang.NullPointerException">
      <![CDATA[java.lang.NullPointerException
	at com.vsii.tsc.guru.testcase.Login.TC_02(Login.java:124)
... Removed 24 stack frames]]>
    </failure>
  </testcase> <!-- TC_02 -->
  <testcase name="TC_02" time="0.0" classname="com.vsii.tsc.guru.testcase.Login">
    <failure type="java.lang.NullPointerException">
      <![CDATA[java.lang.NullPointerException
	at com.vsii.tsc.guru.testcase.Login.TC_02(Login.java:124)
... Removed 24 stack frames]]>
    </failure>
  </testcase> <!-- TC_02 -->
  <testcase name="TC_02" time="0.0" classname="com.vsii.tsc.guru.testcase.Login">
    <failure type="java.lang.NullPointerException">
      <![CDATA[java.lang.NullPointerException
	at com.vsii.tsc.guru.testcase.Login.TC_02(Login.java:124)
... Removed 24 stack frames]]>
    </failure>
  </testcase> <!-- TC_02 -->
  <testcase name="TC_02" time="0.001" classname="com.vsii.tsc.guru.testcase.Login">
    <failure type="java.lang.NullPointerException">
      <![CDATA[java.lang.NullPointerException
	at com.vsii.tsc.guru.testcase.Login.TC_02(Login.java:124)
... Removed 24 stack frames]]>
    </failure>
  </testcase> <!-- TC_02 -->
</testsuite> <!-- Test -->
