<?xml version="1.0" encoding="UTF-8"?>
<!-- Generated by org.testng.reporters.JUnitXMLReporter -->
<testsuite hostname="trangntt-PC" name="Test Guru" tests="5" failures="0" timestamp="21 Dec 2015 09:18:50 GMT" time="17.528" errors="0">
  <testcase name="TC01" time="0.113" classname="com.vsii.tsc.guru.testcase.Login"/>
  <testcase name="TC02" time="1.664" classname="com.vsii.tsc.guru.testcase.Login"/>
  <testcase name="TC02" time="1.893" classname="com.vsii.tsc.guru.testcase.Login"/>
  <testcase name="TC02" time="2.162" classname="com.vsii.tsc.guru.testcase.Login"/>
  <testcase name="TC02" time="4.576" classname="com.vsii.tsc.guru.testcase.Login"/>
</testsuite> <!-- Test Guru -->
