<?xml version="1.0" encoding="UTF-8"?>
<!-- Generated by org.testng.reporters.JUnitXMLReporter -->
<testsuite hostname="trangntt-PC" name="Test02" tests="3" failures="0" timestamp="26 Nov 2015 04:37:46 GMT" time="18.986" errors="0">
  <testcase name="verify_Login" time="1.265" classname="com.vsii.tsc.guru.testcase.EditCustomer"/>
  <testcase name="TC_03" time="4.413" classname="com.vsii.tsc.guru.testcase.EditCustomer"/>
  <testcase name="TC_09" time="0.23" classname="com.vsii.tsc.guru.testcase.EditCustomer"/>
</testsuite> <!-- Test02 -->
