<?xml version="1.0" encoding="UTF-8"?>
<!-- Generated by org.testng.reporters.JUnitXMLReporter -->
<testsuite hostname="trangntt-PC" name="Test01" tests="4" failures="0" timestamp="9 Dec 2015 07:14:33 GMT" time="1.743" errors="0">
  <testcase name="@BeforeClass setupClass" time="0.0" classname="com.vsii.tsc.guru.testcase.Login">
    <failure type="java.lang.NullPointerException">
      <![CDATA[java.lang.NullPointerException
	at com.vsii.tsc.guru.testcase.Login.setupClass(Login.java:31)
... Removed 24 stack frames]]>
    </failure>
  </testcase> <!-- @BeforeClass setupClass -->
  <testcase name="@BeforeMethod beforeMethod" time="0.0" classname="com.vsii.tsc.guru.testcase.Login">
    <skipped/>
  </testcase> <!-- @BeforeMethod beforeMethod -->
  <testcase name="@AfterMethod afterMethod" time="0.0" classname="com.vsii.tsc.guru.testcase.Login">
    <skipped/>
  </testcase> <!-- @AfterMethod afterMethod -->
  <testcase name="@BeforeMethod beforeMethod" time="0.0" classname="com.vsii.tsc.guru.testcase.Login">
    <skipped/>
  </testcase> <!-- @BeforeMethod beforeMethod -->
  <testcase name="@AfterMethod afterMethod" time="0.0" classname="com.vsii.tsc.guru.testcase.Login">
    <skipped/>
  </testcase> <!-- @AfterMethod afterMethod -->
  <testcase name="@BeforeMethod beforeMethod" time="0.0" classname="com.vsii.tsc.guru.testcase.Login">
    <skipped/>
  </testcase> <!-- @BeforeMethod beforeMethod -->
  <testcase name="@AfterMethod afterMethod" time="0.0" classname="com.vsii.tsc.guru.testcase.Login">
    <skipped/>
  </testcase> <!-- @AfterMethod afterMethod -->
  <testcase name="@BeforeMethod beforeMethod" time="0.0" classname="com.vsii.tsc.guru.testcase.Login">
    <skipped/>
  </testcase> <!-- @BeforeMethod beforeMethod -->
  <testcase name="@AfterMethod afterMethod" time="0.0" classname="com.vsii.tsc.guru.testcase.Login">
    <skipped/>
  </testcase> <!-- @AfterMethod afterMethod -->
  <testcase name="@AfterClass teardownClass" time="0.0" classname="com.vsii.tsc.guru.testcase.Login">
    <skipped/>
  </testcase> <!-- @AfterClass teardownClass -->
  <testcase name="TC_01" time="0.002" classname="com.vsii.tsc.guru.testcase.Login">
    <skipped/>
  </testcase> <!-- TC_01 -->
  <testcase name="TC_01" time="0.001" classname="com.vsii.tsc.guru.testcase.Login">
    <skipped/>
  </testcase> <!-- TC_01 -->
  <testcase name="TC_01" time="0.001" classname="com.vsii.tsc.guru.testcase.Login">
    <skipped/>
  </testcase> <!-- TC_01 -->
  <testcase name="TC_01" time="0.0" classname="com.vsii.tsc.guru.testcase.Login">
    <skipped/>
  </testcase> <!-- TC_01 -->
</testsuite> <!-- Test01 -->
