<?xml version="1.0" encoding="UTF-8"?>
<testng-results skipped="0" failed="2" total="6" passed="4">
  <reporter-output>
  </reporter-output>
  <suite name="Suite" duration-ms="31686" started-at="2015-12-09T10:07:28Z" finished-at="2015-12-09T10:08:00Z">
    <groups>
    </groups>
    <test name="Test" duration-ms="31686" started-at="2015-12-09T10:07:28Z" finished-at="2015-12-09T10:08:00Z">
      <class name="com.vsii.tsc.guru.testcase.Login">
        <test-method status="PASS" signature="setupClass()[pri:0, instance:com.vsii.tsc.guru.testcase.Login@7a79be86]" name="setupClass" is-config="true" duration-ms="863" started-at="2015-12-09T17:07:28Z" finished-at="2015-12-09T17:07:29Z">
          <reporter-output>
          </reporter-output>
        </test-method> <!-- setupClass -->
        <test-method status="PASS" signature="beforeMethod()[pri:0, instance:com.vsii.tsc.guru.testcase.Login@7a79be86]" name="beforeMethod" is-config="true" duration-ms="26" started-at="2015-12-09T17:07:29Z" finished-at="2015-12-09T17:07:29Z">
          <reporter-output>
          </reporter-output>
        </test-method> <!-- beforeMethod -->
        <test-method status="PASS" signature="TC_01(java.lang.String, java.lang.String, java.lang.String)[pri:0, instance:com.vsii.tsc.guru.testcase.Login@7a79be86]" name="TC_01" duration-ms="3626" started-at="2015-12-09T17:07:29Z" description="verify Login" data-provider="dpLogin" finished-at="2015-12-09T17:07:33Z">
          <params>
            <param index="0">
              <value>
                <![CDATA[Tester01]]>
              </value>
            </param>
            <param index="1">
              <value>
                <![CDATA[nAgezam ]]>
              </value>
            </param>
            <param index="2">
              <value>
                <![CDATA[User or Password is not valid]]>
              </value>
            </param>
          </params>
          <reporter-output>
          </reporter-output>
        </test-method> <!-- TC_01 -->
        <test-method status="PASS" signature="afterMethod()[pri:0, instance:com.vsii.tsc.guru.testcase.Login@7a79be86]" name="afterMethod" is-config="true" duration-ms="16" started-at="2015-12-09T17:07:33Z" finished-at="2015-12-09T17:07:33Z">
          <reporter-output>
          </reporter-output>
        </test-method> <!-- afterMethod -->
        <test-method status="PASS" signature="beforeMethod()[pri:0, instance:com.vsii.tsc.guru.testcase.Login@7a79be86]" name="beforeMethod" is-config="true" duration-ms="5" started-at="2015-12-09T17:07:33Z" finished-at="2015-12-09T17:07:33Z">
          <reporter-output>
          </reporter-output>
        </test-method> <!-- beforeMethod -->
        <test-method status="PASS" signature="TC_01(java.lang.String, java.lang.String, java.lang.String)[pri:0, instance:com.vsii.tsc.guru.testcase.Login@7a79be86]" name="TC_01" duration-ms="3205" started-at="2015-12-09T17:07:33Z" description="verify Login" data-provider="dpLogin" finished-at="2015-12-09T17:07:36Z">
          <params>
            <param index="0">
              <value>
                <![CDATA[mngr22018]]>
              </value>
            </param>
            <param index="1">
              <value>
                <![CDATA[123456]]>
              </value>
            </param>
            <param index="2">
              <value>
                <![CDATA[User or Password is not valid]]>
              </value>
            </param>
          </params>
          <reporter-output>
          </reporter-output>
        </test-method> <!-- TC_01 -->
        <test-method status="PASS" signature="afterMethod()[pri:0, instance:com.vsii.tsc.guru.testcase.Login@7a79be86]" name="afterMethod" is-config="true" duration-ms="5" started-at="2015-12-09T17:07:36Z" finished-at="2015-12-09T17:07:36Z">
          <reporter-output>
          </reporter-output>
        </test-method> <!-- afterMethod -->
        <test-method status="PASS" signature="beforeMethod()[pri:0, instance:com.vsii.tsc.guru.testcase.Login@7a79be86]" name="beforeMethod" is-config="true" duration-ms="2" started-at="2015-12-09T17:07:36Z" finished-at="2015-12-09T17:07:36Z">
          <reporter-output>
          </reporter-output>
        </test-method> <!-- beforeMethod -->
        <test-method status="PASS" signature="TC_01(java.lang.String, java.lang.String, java.lang.String)[pri:0, instance:com.vsii.tsc.guru.testcase.Login@7a79be86]" name="TC_01" duration-ms="3974" started-at="2015-12-09T17:07:36Z" description="verify Login" data-provider="dpLogin" finished-at="2015-12-09T17:07:40Z">
          <params>
            <param index="0">
              <value>
                <![CDATA[Tester02]]>
              </value>
            </param>
            <param index="1">
              <value>
                <![CDATA[123456]]>
              </value>
            </param>
            <param index="2">
              <value>
                <![CDATA[User or Password is not valid]]>
              </value>
            </param>
          </params>
          <reporter-output>
          </reporter-output>
        </test-method> <!-- TC_01 -->
        <test-method status="PASS" signature="afterMethod()[pri:0, instance:com.vsii.tsc.guru.testcase.Login@7a79be86]" name="afterMethod" is-config="true" duration-ms="1" started-at="2015-12-09T17:07:40Z" finished-at="2015-12-09T17:07:40Z">
          <reporter-output>
          </reporter-output>
        </test-method> <!-- afterMethod -->
        <test-method status="PASS" signature="beforeMethod()[pri:0, instance:com.vsii.tsc.guru.testcase.Login@7a79be86]" name="beforeMethod" is-config="true" duration-ms="1" started-at="2015-12-09T17:07:40Z" finished-at="2015-12-09T17:07:40Z">
          <reporter-output>
          </reporter-output>
        </test-method> <!-- beforeMethod -->
        <test-method status="PASS" signature="TC_01(java.lang.String, java.lang.String, java.lang.String)[pri:0, instance:com.vsii.tsc.guru.testcase.Login@7a79be86]" name="TC_01" duration-ms="7269" started-at="2015-12-09T17:07:40Z" description="verify Login" data-provider="dpLogin" finished-at="2015-12-09T17:07:47Z">
          <params>
            <param index="0">
              <value>
                <![CDATA[mngr22018]]>
              </value>
            </param>
            <param index="1">
              <value>
                <![CDATA[nAgezam ]]>
              </value>
            </param>
            <param index="2">
              <value>
                <![CDATA[Manger Id : mngr22018]]>
              </value>
            </param>
          </params>
          <reporter-output>
          </reporter-output>
        </test-method> <!-- TC_01 -->
        <test-method status="PASS" signature="afterMethod()[pri:0, instance:com.vsii.tsc.guru.testcase.Login@7a79be86]" name="afterMethod" is-config="true" duration-ms="9" started-at="2015-12-09T17:07:47Z" finished-at="2015-12-09T17:07:47Z">
          <reporter-output>
          </reporter-output>
        </test-method> <!-- afterMethod -->
        <test-method status="PASS" signature="teardownClass()[pri:0, instance:com.vsii.tsc.guru.testcase.Login@7a79be86]" name="teardownClass" is-config="true" duration-ms="362" started-at="2015-12-09T17:07:47Z" finished-at="2015-12-09T17:07:48Z">
          <reporter-output>
          </reporter-output>
        </test-method> <!-- teardownClass -->
      </class> <!-- com.vsii.tsc.guru.testcase.Login -->
      <class name="com.vsii.tsc.guru.testcase.EditCustomer">
        <test-method status="PASS" signature="setupClass()[pri:0, instance:com.vsii.tsc.guru.testcase.EditCustomer@3f3afe78]" name="setupClass" is-config="true" duration-ms="143" started-at="2015-12-09T17:07:48Z" finished-at="2015-12-09T17:07:48Z">
          <reporter-output>
          </reporter-output>
        </test-method> <!-- setupClass -->
        <test-method status="FAIL" signature="TC_25(java.lang.String, java.lang.String, java.lang.String, java.lang.String, java.lang.String, java.lang.String, java.lang.String, java.lang.String)[pri:0, instance:com.vsii.tsc.guru.testcase.EditCustomer@3f3afe78]" name="TC_25" duration-ms="11702" started-at="2015-12-09T17:07:48Z" description="Update customer information" data-provider="dpEditCustomer" finished-at="2015-12-09T17:08:00Z">
          <params>
            <param index="0">
              <value>
                <![CDATA[93390]]>
              </value>
            </param>
            <param index="1">
              <value>
                <![CDATA[Nam Dinh]]>
              </value>
            </param>
            <param index="2">
              <value>
                <![CDATA[Nam Dinh]]>
              </value>
            </param>
            <param index="3">
              <value>
                <![CDATA[Nam Dinh]]>
              </value>
            </param>
            <param index="4">
              <value>
                <![CDATA[652105.0]]>
              </value>
            </param>
            <param index="5">
              <value>
                <![CDATA[587461.0]]>
              </value>
            </param>
            <param index="6">
              <value>
                <![CDATA[bingbong24@gmail.com]]>
              </value>
            </param>
            <param index="7">
              <value>
                <![CDATA[Customer details updated Successfully!!!]]>
              </value>
            </param>
          </params>
          <exception class="org.openqa.selenium.UnhandledAlertException">
            <message>
              <![CDATA[Unexpected modal dialog (text: No Changes made to Customer records): No Changes made to Customer records
Build info: version: '2.48.0', revision: 'b7b081a', time: '2015-10-07 15:48:56'
System info: host: 'WIN-R1JBAO1CNPS', ip: '172.20.37.126', os.name: 'Windows Server 2008 R2', os.arch: 'x86', os.version: '6.1', java.version: '1.8.0_65'
Driver info: org.openqa.selenium.firefox.FirefoxDriver
Capabilities [{applicationCacheEnabled=true, rotatable=false, handlesAlerts=true, databaseEnabled=true, version=42.0, platform=WINDOWS, nativeEvents=false, acceptSslCerts=true, webStorageEnabled=true, locationContextEnabled=true, browserName=firefox, takesScreenshot=true, javascriptEnabled=true, cssSelectorsEnabled=true}]
Session ID: XXXXXXXX-XXXX-XXXX-XXXX-XXXXbce39c7d
*** Element info: {Using=xpath, value=.//*[@id='customer']/tbody/tr[1]/td/p}: No Changes made to Customer records
Build info: version: '2.47.1', revision: 'unknown', time: '2015-07-30 11:02:44'
System info: host: 'trangntt-PC', ip: '192.168.100.31', os.name: 'Windows 7', os.arch: 'amd64', os.version: '6.1', java.version: '1.8.0_25'
Driver info: org.openqa.selenium.remote.RemoteWebDriver
Capabilities [{applicationCacheEnabled=true, rotatable=false, hasMetadata=true, databaseEnabled=true, handlesAlerts=true, version=42.0, platform=WINDOWS, nativeEvents=false, acceptSslCerts=true, webdriver.remote.sessionid=35c20b6df0ea467b886f3929f0c4f114, locationContextEnabled=true, webStorageEnabled=true, takesScreenshot=true, browserName=firefox, javascriptEnabled=true, cssSelectorsEnabled=true}]
Session ID: 35c20b6df0ea467b886f3929f0c4f114
*** Element info: {Using=xpath, value=.//*[@id='customer']/tbody/tr[1]/td/p}]]>
            </message>
            <full-stacktrace>
              <![CDATA[org.openqa.selenium.UnhandledAlertException: Unexpected modal dialog (text: No Changes made to Customer records): No Changes made to Customer records
Build info: version: '2.48.0', revision: 'b7b081a', time: '2015-10-07 15:48:56'
System info: host: 'WIN-R1JBAO1CNPS', ip: '172.20.37.126', os.name: 'Windows Server 2008 R2', os.arch: 'x86', os.version: '6.1', java.version: '1.8.0_65'
Driver info: org.openqa.selenium.firefox.FirefoxDriver
Capabilities [{applicationCacheEnabled=true, rotatable=false, handlesAlerts=true, databaseEnabled=true, version=42.0, platform=WINDOWS, nativeEvents=false, acceptSslCerts=true, webStorageEnabled=true, locationContextEnabled=true, browserName=firefox, takesScreenshot=true, javascriptEnabled=true, cssSelectorsEnabled=true}]
Session ID: XXXXXXXX-XXXX-XXXX-XXXX-XXXXbce39c7d
*** Element info: {Using=xpath, value=.//*[@id='customer']/tbody/tr[1]/td/p}: No Changes made to Customer records
Build info: version: '2.47.1', revision: 'unknown', time: '2015-07-30 11:02:44'
System info: host: 'trangntt-PC', ip: '192.168.100.31', os.name: 'Windows 7', os.arch: 'amd64', os.version: '6.1', java.version: '1.8.0_25'
Driver info: org.openqa.selenium.remote.RemoteWebDriver
Capabilities [{applicationCacheEnabled=true, rotatable=false, hasMetadata=true, databaseEnabled=true, handlesAlerts=true, version=42.0, platform=WINDOWS, nativeEvents=false, acceptSslCerts=true, webdriver.remote.sessionid=35c20b6df0ea467b886f3929f0c4f114, locationContextEnabled=true, webStorageEnabled=true, takesScreenshot=true, browserName=firefox, javascriptEnabled=true, cssSelectorsEnabled=true}]
Session ID: 35c20b6df0ea467b886f3929f0c4f114
*** Element info: {Using=xpath, value=.//*[@id='customer']/tbody/tr[1]/td/p}
	at sun.reflect.NativeConstructorAccessorImpl.newInstance0(Native Method)
	at sun.reflect.NativeConstructorAccessorImpl.newInstance(NativeConstructorAccessorImpl.java:62)
	at sun.reflect.DelegatingConstructorAccessorImpl.newInstance(DelegatingConstructorAccessorImpl.java:45)
	at java.lang.reflect.Constructor.newInstance(Constructor.java:408)
	at org.openqa.selenium.remote.ErrorHandler.createThrowable(ErrorHandler.java:206)
	at org.openqa.selenium.remote.ErrorHandler.createUnhandledAlertException(ErrorHandler.java:187)
	at org.openqa.selenium.remote.ErrorHandler.throwIfResponseFailed(ErrorHandler.java:154)
	at org.openqa.selenium.remote.RemoteWebDriver.execute(RemoteWebDriver.java:595)
	at org.openqa.selenium.remote.RemoteWebDriver.findElement(RemoteWebDriver.java:348)
	at org.openqa.selenium.remote.RemoteWebDriver.findElementByXPath(RemoteWebDriver.java:445)
	at org.openqa.selenium.By$ByXPath.findElement(By.java:358)
	at org.openqa.selenium.remote.RemoteWebDriver.findElement(RemoteWebDriver.java:340)
	at org.openqa.selenium.support.pagefactory.DefaultElementLocator.findElement(DefaultElementLocator.java:69)
	at org.openqa.selenium.support.pagefactory.internal.LocatingElementHandler.invoke(LocatingElementHandler.java:38)
	at com.sun.proxy.$Proxy11.getText(Unknown Source)
	at com.vsii.tsc.guru.pages.method.EditCustomerPageMethod.getUpdateSuccessInfo(EditCustomerPageMethod.java:94)
	at com.vsii.tsc.guru.testcase.EditCustomer.TC_25(EditCustomer.java:129)
	at sun.reflect.NativeMethodAccessorImpl.invoke0(Native Method)
	at sun.reflect.NativeMethodAccessorImpl.invoke(NativeMethodAccessorImpl.java:62)
	at sun.reflect.DelegatingMethodAccessorImpl.invoke(DelegatingMethodAccessorImpl.java:43)
	at java.lang.reflect.Method.invoke(Method.java:483)
	at org.testng.internal.MethodInvocationHelper.invokeMethod(MethodInvocationHelper.java:84)
	at org.testng.internal.Invoker.invokeMethod(Invoker.java:714)
	at org.testng.internal.Invoker.invokeTestMethod(Invoker.java:901)
	at org.testng.internal.Invoker.invokeTestMethods(Invoker.java:1231)
	at org.testng.internal.TestMethodWorker.invokeTestMethods(TestMethodWorker.java:127)
	at org.testng.internal.TestMethodWorker.run(TestMethodWorker.java:111)
	at org.testng.TestRunner.privateRun(TestRunner.java:767)
	at org.testng.TestRunner.run(TestRunner.java:617)
	at org.testng.SuiteRunner.runTest(SuiteRunner.java:334)
	at org.testng.SuiteRunner.runSequentially(SuiteRunner.java:329)
	at org.testng.SuiteRunner.privateRun(SuiteRunner.java:291)
	at org.testng.SuiteRunner.run(SuiteRunner.java:240)
	at org.testng.SuiteRunnerWorker.runSuite(SuiteRunnerWorker.java:52)
	at org.testng.SuiteRunnerWorker.run(SuiteRunnerWorker.java:86)
	at org.testng.TestNG.runSuitesSequentially(TestNG.java:1224)
	at org.testng.TestNG.runSuitesLocally(TestNG.java:1149)
	at org.testng.TestNG.run(TestNG.java:1057)
	at org.testng.remote.RemoteTestNG.run(RemoteTestNG.java:111)
	at org.testng.remote.RemoteTestNG.initAndRun(RemoteTestNG.java:204)
	at org.testng.remote.RemoteTestNG.main(RemoteTestNG.java:175)
]]>
            </full-stacktrace>
          </exception> <!-- org.openqa.selenium.UnhandledAlertException -->
          <reporter-output>
          </reporter-output>
        </test-method> <!-- TC_25 -->
        <test-method status="FAIL" signature="TC_24()[pri:0, instance:com.vsii.tsc.guru.testcase.EditCustomer@3f3afe78]" name="TC_24" duration-ms="232" started-at="2015-12-09T17:08:00Z" description="Check for disabled textbox" finished-at="2015-12-09T17:08:00Z">
          <exception class="org.openqa.selenium.NoSuchElementException">
            <message>
              <![CDATA[Unable to locate element: {"method":"xpath","selector":"html/body/table/tbody/tr/td/table/tbody/tr[4]/td[2]"}
For documentation on this error, please visit: http://seleniumhq.org/exceptions/no_such_element.html
Build info: version: '2.48.0', revision: 'b7b081a', time: '2015-10-07 15:48:56'
System info: host: 'WIN-R1JBAO1CNPS', ip: '172.20.37.126', os.name: 'Windows Server 2008 R2', os.arch: 'x86', os.version: '6.1', java.version: '1.8.0_65'
Driver info: driver.version: unknown
Command duration or timeout: 231 milliseconds
For documentation on this error, please visit: http://seleniumhq.org/exceptions/no_such_element.html
Build info: version: '2.47.1', revision: 'unknown', time: '2015-07-30 11:02:44'
System info: host: 'trangntt-PC', ip: '192.168.100.31', os.name: 'Windows 7', os.arch: 'amd64', os.version: '6.1', java.version: '1.8.0_25'
Driver info: org.openqa.selenium.remote.RemoteWebDriver
Capabilities [{applicationCacheEnabled=true, rotatable=false, hasMetadata=true, databaseEnabled=true, handlesAlerts=true, version=42.0, platform=WINDOWS, nativeEvents=false, acceptSslCerts=true, webdriver.remote.sessionid=35c20b6df0ea467b886f3929f0c4f114, locationContextEnabled=true, webStorageEnabled=true, takesScreenshot=true, browserName=firefox, javascriptEnabled=true, cssSelectorsEnabled=true}]
Session ID: 35c20b6df0ea467b886f3929f0c4f114
*** Element info: {Using=xpath, value=html/body/table/tbody/tr/td/table/tbody/tr[4]/td[2]}]]>
            </message>
            <full-stacktrace>
              <![CDATA[org.openqa.selenium.NoSuchElementException: Unable to locate element: {"method":"xpath","selector":"html/body/table/tbody/tr/td/table/tbody/tr[4]/td[2]"}
For documentation on this error, please visit: http://seleniumhq.org/exceptions/no_such_element.html
Build info: version: '2.48.0', revision: 'b7b081a', time: '2015-10-07 15:48:56'
System info: host: 'WIN-R1JBAO1CNPS', ip: '172.20.37.126', os.name: 'Windows Server 2008 R2', os.arch: 'x86', os.version: '6.1', java.version: '1.8.0_65'
Driver info: driver.version: unknown
Command duration or timeout: 231 milliseconds
For documentation on this error, please visit: http://seleniumhq.org/exceptions/no_such_element.html
Build info: version: '2.47.1', revision: 'unknown', time: '2015-07-30 11:02:44'
System info: host: 'trangntt-PC', ip: '192.168.100.31', os.name: 'Windows 7', os.arch: 'amd64', os.version: '6.1', java.version: '1.8.0_25'
Driver info: org.openqa.selenium.remote.RemoteWebDriver
Capabilities [{applicationCacheEnabled=true, rotatable=false, hasMetadata=true, databaseEnabled=true, handlesAlerts=true, version=42.0, platform=WINDOWS, nativeEvents=false, acceptSslCerts=true, webdriver.remote.sessionid=35c20b6df0ea467b886f3929f0c4f114, locationContextEnabled=true, webStorageEnabled=true, takesScreenshot=true, browserName=firefox, javascriptEnabled=true, cssSelectorsEnabled=true}]
Session ID: 35c20b6df0ea467b886f3929f0c4f114
*** Element info: {Using=xpath, value=html/body/table/tbody/tr/td/table/tbody/tr[4]/td[2]}
	at sun.reflect.NativeConstructorAccessorImpl.newInstance0(Native Method)
	at sun.reflect.NativeConstructorAccessorImpl.newInstance(NativeConstructorAccessorImpl.java:62)
	at sun.reflect.DelegatingConstructorAccessorImpl.newInstance(DelegatingConstructorAccessorImpl.java:45)
	at java.lang.reflect.Constructor.newInstance(Constructor.java:408)
	at org.openqa.selenium.remote.ErrorHandler.createThrowable(ErrorHandler.java:206)
	at org.openqa.selenium.remote.ErrorHandler.throwIfResponseFailed(ErrorHandler.java:158)
	at org.openqa.selenium.remote.RemoteWebDriver.execute(RemoteWebDriver.java:595)
	at org.openqa.selenium.remote.RemoteWebDriver.findElement(RemoteWebDriver.java:348)
	at org.openqa.selenium.remote.RemoteWebDriver.findElementByXPath(RemoteWebDriver.java:445)
	at org.openqa.selenium.By$ByXPath.findElement(By.java:358)
	at org.openqa.selenium.remote.RemoteWebDriver.findElement(RemoteWebDriver.java:340)
	at org.openqa.selenium.support.pagefactory.DefaultElementLocator.findElement(DefaultElementLocator.java:69)
	at org.openqa.selenium.support.pagefactory.internal.LocatingElementHandler.invoke(LocatingElementHandler.java:38)
	at com.sun.proxy.$Proxy11.isEnabled(Unknown Source)
	at com.vsii.tsc.guru.pages.method.EditCustomerPageMethod.checkTextBoxDisabled(EditCustomerPageMethod.java:48)
	at com.vsii.tsc.guru.testcase.EditCustomer.TC_24(EditCustomer.java:87)
	at sun.reflect.NativeMethodAccessorImpl.invoke0(Native Method)
	at sun.reflect.NativeMethodAccessorImpl.invoke(NativeMethodAccessorImpl.java:62)
	at sun.reflect.DelegatingMethodAccessorImpl.invoke(DelegatingMethodAccessorImpl.java:43)
	at java.lang.reflect.Method.invoke(Method.java:483)
	at org.testng.internal.MethodInvocationHelper.invokeMethod(MethodInvocationHelper.java:84)
	at org.testng.internal.Invoker.invokeMethod(Invoker.java:714)
	at org.testng.internal.Invoker.invokeTestMethod(Invoker.java:901)
	at org.testng.internal.Invoker.invokeTestMethods(Invoker.java:1231)
	at org.testng.internal.TestMethodWorker.invokeTestMethods(TestMethodWorker.java:127)
	at org.testng.internal.TestMethodWorker.run(TestMethodWorker.java:111)
	at org.testng.TestRunner.privateRun(TestRunner.java:767)
	at org.testng.TestRunner.run(TestRunner.java:617)
	at org.testng.SuiteRunner.runTest(SuiteRunner.java:334)
	at org.testng.SuiteRunner.runSequentially(SuiteRunner.java:329)
	at org.testng.SuiteRunner.privateRun(SuiteRunner.java:291)
	at org.testng.SuiteRunner.run(SuiteRunner.java:240)
	at org.testng.SuiteRunnerWorker.runSuite(SuiteRunnerWorker.java:52)
	at org.testng.SuiteRunnerWorker.run(SuiteRunnerWorker.java:86)
	at org.testng.TestNG.runSuitesSequentially(TestNG.java:1224)
	at org.testng.TestNG.runSuitesLocally(TestNG.java:1149)
	at org.testng.TestNG.run(TestNG.java:1057)
	at org.testng.remote.RemoteTestNG.run(RemoteTestNG.java:111)
	at org.testng.remote.RemoteTestNG.initAndRun(RemoteTestNG.java:204)
	at org.testng.remote.RemoteTestNG.main(RemoteTestNG.java:175)
Caused by: org.openqa.selenium.NoSuchElementException: Unable to locate element: {"method":"xpath","selector":"html/body/table/tbody/tr/td/table/tbody/tr[4]/td[2]"}
For documentation on this error, please visit: http://seleniumhq.org/exceptions/no_such_element.html
Build info: version: '2.48.0', revision: 'b7b081a', time: '2015-10-07 15:48:56'
System info: host: 'WIN-R1JBAO1CNPS', ip: '172.20.37.126', os.name: 'Windows Server 2008 R2', os.arch: 'x86', os.version: '6.1', java.version: '1.8.0_65'
Driver info: driver.version: unknown
For documentation on this error, please visit: http://seleniumhq.org/exceptions/no_such_element.html
Build info: version: '2.47.1', revision: 'unknown', time: '2015-07-30 11:02:44'
System info: host: 'trangntt-PC', ip: '192.168.100.31', os.name: 'Windows 7', os.arch: 'amd64', os.version: '6.1', java.version: '1.8.0_25'
Driver info: driver.version: unknown
	at <anonymous class>.FirefoxDriver.prototype.findElementInternal_(file:///C:/Users/ADMINI~1/AppData/Local/Temp/anonymous7445810376534152798webdriver-profile/extensions/fxdriver@googlecode.com/components/driver-component.js:10659)
	at <anonymous class>.FirefoxDriver.prototype.findElement(file:///C:/Users/ADMINI~1/AppData/Local/Temp/anonymous7445810376534152798webdriver-profile/extensions/fxdriver@googlecode.com/components/driver-component.js:10668)
	at <anonymous class>.DelayedCommand.prototype.executeInternal_/h(file:///C:/Users/ADMINI~1/AppData/Local/Temp/anonymous7445810376534152798webdriver-profile/extensions/fxdriver@googlecode.com/components/command-processor.js:12534)
	at <anonymous class>.DelayedCommand.prototype.executeInternal_(file:///C:/Users/ADMINI~1/AppData/Local/Temp/anonymous7445810376534152798webdriver-profile/extensions/fxdriver@googlecode.com/components/command-processor.js:12539)
	at <anonymous class>.DelayedCommand.prototype.execute/<(file:///C:/Users/ADMINI~1/AppData/Local/Temp/anonymous7445810376534152798webdriver-profile/extensions/fxdriver@googlecode.com/components/command-processor.js:12481)
]]>
            </full-stacktrace>
          </exception> <!-- org.openqa.selenium.NoSuchElementException -->
          <reporter-output>
          </reporter-output>
        </test-method> <!-- TC_24 -->
        <test-method status="PASS" signature="teardownClass()[pri:0, instance:com.vsii.tsc.guru.testcase.EditCustomer@3f3afe78]" name="teardownClass" is-config="true" duration-ms="105" started-at="2015-12-09T17:08:00Z" finished-at="2015-12-09T17:08:00Z">
          <reporter-output>
          </reporter-output>
        </test-method> <!-- teardownClass -->
      </class> <!-- com.vsii.tsc.guru.testcase.EditCustomer -->
      <class name="com.vsii.tsc.guru.testbase.TestBase">
        <test-method status="PASS" signature="setupSuite()[pri:0, instance:com.vsii.tsc.guru.testbase.TestBase@43a25848]" name="setupSuite" is-config="true" duration-ms="10003" started-at="2015-12-09T17:07:18Z" finished-at="2015-12-09T17:07:28Z">
          <reporter-output>
          </reporter-output>
        </test-method> <!-- setupSuite -->
        <test-method status="PASS" signature="teardownSuite()[pri:0, instance:com.vsii.tsc.guru.testbase.TestBase@43a25848]" name="teardownSuite" is-config="true" duration-ms="272" started-at="2015-12-09T17:08:00Z" finished-at="2015-12-09T17:08:00Z">
          <reporter-output>
          </reporter-output>
        </test-method> <!-- teardownSuite -->
      </class> <!-- com.vsii.tsc.guru.testbase.TestBase -->
    </test> <!-- Test -->
  </suite> <!-- Suite -->
</testng-results>
